<?xml version="1.0" encoding="UTF-8"?>
<testng-results total="7" passed="7" failed="0" skipped="0">
  <reporter-output>
  </reporter-output>
  <suite started-at="2019-12-23T02:40:18Z" name="Ecomm Tests" finished-at="2019-12-23T02:40:49Z" duration-ms="31708">
    <groups>
    </groups>
    <test started-at="2019-12-23T02:40:18Z" name="Ecomm Tests on Chrome" finished-at="2019-12-23T02:40:49Z" duration-ms="31708">
      <class name="testscripts.Test_Ecom">
        <test-method is-config="true" signature="beforeSuiteSetUp()[pri:0, instance:testscripts.Test_Ecom@6e005dc9]" started-at="2019-12-23T08:10:18Z" name="beforeSuiteSetUp" finished-at="2019-12-23T08:10:18Z" duration-ms="172" status="PASS">
          <reporter-output>
          </reporter-output>
        </test-method> <!-- beforeSuiteSetUp -->
        <test-method is-config="true" signature="beforeTestRun(java.lang.String, java.lang.String, int, int)[pri:0, instance:testscripts.Test_Ecom@6e005dc9]" started-at="2019-12-23T08:10:18Z" name="beforeTestRun" finished-at="2019-12-23T08:10:28Z" duration-ms="10015" status="PASS">
          <params>
            <param index="0">
              <value>
                <![CDATA[chrome]]>
              </value>
            </param>
            <param index="1">
              <value>
                <![CDATA[http://192.168.0.17:4444]]>
              </value>
            </param>
            <param index="2">
              <value>
                <![CDATA[60]]>
              </value>
            </param>
            <param index="3">
              <value>
                <![CDATA[20]]>
              </value>
            </param>
          </params>
          <reporter-output>
          </reporter-output>
        </test-method> <!-- beforeTestRun -->
        <test-method signature="verifyLaunchEcomApp(java.lang.String)[pri:1, instance:testscripts.Test_Ecom@6e005dc9]" started-at="2019-12-23T08:10:28Z" name="verifyLaunchEcomApp" finished-at="2019-12-23T08:10:31Z" duration-ms="3556" status="PASS">
          <params>
            <param index="0">
              <value>
                <![CDATA[http://automationpractice.com/index.php]]>
              </value>
            </param>
          </params>
          <reporter-output>
          </reporter-output>
        </test-method> <!-- verifyLaunchEcomApp -->
        <test-method is-config="true" signature="beforeMethod()[pri:0, instance:testscripts.Test_Ecom@6e005dc9]" started-at="2019-12-23T08:10:28Z" name="beforeMethod" finished-at="2019-12-23T08:10:28Z" duration-ms="0" status="PASS">
          <reporter-output>
          </reporter-output>
        </test-method> <!-- beforeMethod -->
        <test-method is-config="true" signature="AfterMethod(org.testng.ITestResult)[pri:0, instance:testscripts.Test_Ecom@6e005dc9]" started-at="2019-12-23T08:10:31Z" name="AfterMethod" finished-at="2019-12-23T08:10:32Z" duration-ms="781" status="PASS">
          <params>
            <param index="0">
              <value>
                <![CDATA[[TestResult name=verifyLaunchEcomApp status=SUCCESS method=Test_Ecom.verifyLaunchEcomApp(java.lang.String)[pri:1, instance:testscripts.Test_Ecom@6e005dc9] output={null}]]]>
              </value>
            </param>
          </params>
          <reporter-output>
          </reporter-output>
        </test-method> <!-- AfterMethod -->
        <test-method signature="verifyNavigationToACategoryUsingMenu()[pri:2, instance:testscripts.Test_Ecom@6e005dc9]" started-at="2019-12-23T08:10:32Z" name="verifyNavigationToACategoryUsingMenu" finished-at="2019-12-23T08:10:34Z" depends-on-methods="testscripts.Test_Ecom.verifyLaunchEcomApp" duration-ms="1416" status="PASS">
          <reporter-output>
          </reporter-output>
        </test-method> <!-- verifyNavigationToACategoryUsingMenu -->
        <test-method is-config="true" signature="beforeMethod()[pri:0, instance:testscripts.Test_Ecom@6e005dc9]" started-at="2019-12-23T08:10:32Z" name="beforeMethod" finished-at="2019-12-23T08:10:32Z" duration-ms="0" status="PASS">
          <reporter-output>
          </reporter-output>
        </test-method> <!-- beforeMethod -->
        <test-method is-config="true" signature="AfterMethod(org.testng.ITestResult)[pri:0, instance:testscripts.Test_Ecom@6e005dc9]" started-at="2019-12-23T08:10:34Z" name="AfterMethod" finished-at="2019-12-23T08:10:34Z" duration-ms="649" status="PASS">
          <params>
            <param index="0">
              <value>
                <![CDATA[[TestResult name=verifyNavigationToACategoryUsingMenu status=SUCCESS method=Test_Ecom.verifyNavigationToACategoryUsingMenu()[pri:2, instance:testscripts.Test_Ecom@6e005dc9] output={null}]]]>
              </value>
            </param>
          </params>
          <reporter-output>
          </reporter-output>
        </test-method> <!-- AfterMethod -->
        <test-method is-config="true" signature="beforeMethod()[pri:0, instance:testscripts.Test_Ecom@6e005dc9]" started-at="2019-12-23T08:10:34Z" name="beforeMethod" finished-at="2019-12-23T08:10:34Z" duration-ms="0" status="PASS">
          <reporter-output>
          </reporter-output>
        </test-method> <!-- beforeMethod -->
        <test-method signature="verifyMouseOverParticularDressShowsQuickView()[pri:0, instance:testscripts.Test_Ecom@6e005dc9]" started-at="2019-12-23T08:10:34Z" name="verifyMouseOverParticularDressShowsQuickView" finished-at="2019-12-23T08:10:34Z" depends-on-methods="testscripts.Test_Ecom.verifyNavigationToACategoryUsingMenu" duration-ms="267" status="PASS">
          <reporter-output>
          </reporter-output>
        </test-method> <!-- verifyMouseOverParticularDressShowsQuickView -->
        <test-method is-config="true" signature="AfterMethod(org.testng.ITestResult)[pri:0, instance:testscripts.Test_Ecom@6e005dc9]" started-at="2019-12-23T08:10:34Z" name="AfterMethod" finished-at="2019-12-23T08:10:35Z" duration-ms="452" status="PASS">
          <params>
            <param index="0">
              <value>
                <![CDATA[[TestResult name=verifyMouseOverParticularDressShowsQuickView status=SUCCESS method=Test_Ecom.verifyMouseOverParticularDressShowsQuickView()[pri:0, instance:testscripts.Test_Ecom@6e005dc9] output={null}]]]>
              </value>
            </param>
          </params>
          <reporter-output>
          </reporter-output>
        </test-method> <!-- AfterMethod -->
        <test-method signature="verifyProductConfigurationAndAddingToCart()[pri:0, instance:testscripts.Test_Ecom@6e005dc9]" started-at="2019-12-23T08:10:35Z" name="verifyProductConfigurationAndAddingToCart" finished-at="2019-12-23T08:10:39Z" depends-on-methods="testscripts.Test_Ecom.verifyMouseOverParticularDressShowsQuickView" duration-ms="3794" status="PASS">
          <reporter-output>
          </reporter-output>
        </test-method> <!-- verifyProductConfigurationAndAddingToCart -->
        <test-method is-config="true" signature="beforeMethod()[pri:0, instance:testscripts.Test_Ecom@6e005dc9]" started-at="2019-12-23T08:10:35Z" name="beforeMethod" finished-at="2019-12-23T08:10:35Z" duration-ms="0" status="PASS">
          <reporter-output>
          </reporter-output>
        </test-method> <!-- beforeMethod -->
        <test-method is-config="true" signature="AfterMethod(org.testng.ITestResult)[pri:0, instance:testscripts.Test_Ecom@6e005dc9]" started-at="2019-12-23T08:10:39Z" name="AfterMethod" finished-at="2019-12-23T08:10:39Z" duration-ms="441" status="PASS">
          <params>
            <param index="0">
              <value>
                <![CDATA[[TestResult name=verifyProductConfigurationAndAddingToCart status=SUCCESS method=Test_Ecom.verifyProductConfigurationAndAddingToCart()[pri:0, instance:testscripts.Test_Ecom@6e005dc9] output={null}]]]>
              </value>
            </param>
          </params>
          <reporter-output>
          </reporter-output>
        </test-method> <!-- AfterMethod -->
        <test-method is-config="true" signature="beforeMethod()[pri:0, instance:testscripts.Test_Ecom@6e005dc9]" started-at="2019-12-23T08:10:39Z" name="beforeMethod" finished-at="2019-12-23T08:10:39Z" duration-ms="0" status="PASS">
          <reporter-output>
          </reporter-output>
        </test-method> <!-- beforeMethod -->
        <test-method signature="verifyNavigationToCheckoutPage()[pri:0, instance:testscripts.Test_Ecom@6e005dc9]" started-at="2019-12-23T08:10:39Z" name="verifyNavigationToCheckoutPage" finished-at="2019-12-23T08:10:41Z" depends-on-methods="testscripts.Test_Ecom.verifyProductConfigurationAndAddingToCart" duration-ms="1900" status="PASS">
          <reporter-output>
          </reporter-output>
        </test-method> <!-- verifyNavigationToCheckoutPage -->
        <test-method is-config="true" signature="AfterMethod(org.testng.ITestResult)[pri:0, instance:testscripts.Test_Ecom@6e005dc9]" started-at="2019-12-23T08:10:41Z" name="AfterMethod" finished-at="2019-12-23T08:10:41Z" duration-ms="425" status="PASS">
          <params>
            <param index="0">
              <value>
                <![CDATA[[TestResult name=verifyNavigationToCheckoutPage status=SUCCESS method=Test_Ecom.verifyNavigationToCheckoutPage()[pri:0, instance:testscripts.Test_Ecom@6e005dc9] output={null}]]]>
              </value>
            </param>
          </params>
          <reporter-output>
          </reporter-output>
        </test-method> <!-- AfterMethod -->
        <test-method is-config="true" signature="beforeMethod()[pri:0, instance:testscripts.Test_Ecom@6e005dc9]" started-at="2019-12-23T08:10:41Z" name="beforeMethod" finished-at="2019-12-23T08:10:41Z" duration-ms="0" status="PASS">
          <reporter-output>
          </reporter-output>
        </test-method> <!-- beforeMethod -->
        <test-method signature="verifyAccountCreation()[pri:0, instance:testscripts.Test_Ecom@6e005dc9]" started-at="2019-12-23T08:10:41Z" name="verifyAccountCreation" finished-at="2019-12-23T08:10:47Z" depends-on-methods="testscripts.Test_Ecom.verifyNavigationToCheckoutPage" duration-ms="5581" status="PASS">
          <reporter-output>
          </reporter-output>
        </test-method> <!-- verifyAccountCreation -->
        <test-method is-config="true" signature="AfterMethod(org.testng.ITestResult)[pri:0, instance:testscripts.Test_Ecom@6e005dc9]" started-at="2019-12-23T08:10:47Z" name="AfterMethod" finished-at="2019-12-23T08:10:47Z" duration-ms="375" status="PASS">
          <params>
            <param index="0">
              <value>
                <![CDATA[[TestResult name=verifyAccountCreation status=SUCCESS method=Test_Ecom.verifyAccountCreation()[pri:0, instance:testscripts.Test_Ecom@6e005dc9] output={null}]]]>
              </value>
            </param>
          </params>
          <reporter-output>
          </reporter-output>
        </test-method> <!-- AfterMethod -->
        <test-method signature="verifyOrder()[pri:0, instance:testscripts.Test_Ecom@6e005dc9]" started-at="2019-12-23T08:10:47Z" name="verifyOrder" finished-at="2019-12-23T08:10:49Z" depends-on-methods="testscripts.Test_Ecom.verifyAccountCreation" duration-ms="1609" status="PASS">
          <reporter-output>
          </reporter-output>
        </test-method> <!-- verifyOrder -->
        <test-method is-config="true" signature="beforeMethod()[pri:0, instance:testscripts.Test_Ecom@6e005dc9]" started-at="2019-12-23T08:10:47Z" name="beforeMethod" finished-at="2019-12-23T08:10:47Z" duration-ms="0" status="PASS">
          <reporter-output>
          </reporter-output>
        </test-method> <!-- beforeMethod -->
        <test-method is-config="true" signature="AfterMethod(org.testng.ITestResult)[pri:0, instance:testscripts.Test_Ecom@6e005dc9]" started-at="2019-12-23T08:10:49Z" name="AfterMethod" finished-at="2019-12-23T08:10:49Z" duration-ms="360" status="PASS">
          <params>
            <param index="0">
              <value>
                <![CDATA[[TestResult name=verifyOrder status=SUCCESS method=Test_Ecom.verifyOrder()[pri:0, instance:testscripts.Test_Ecom@6e005dc9] output={null}]]]>
              </value>
            </param>
          </params>
          <reporter-output>
          </reporter-output>
        </test-method> <!-- AfterMethod -->
        <test-method is-config="true" signature="afterTestRun()[pri:0, instance:testscripts.Test_Ecom@6e005dc9]" started-at="2019-12-23T08:10:49Z" name="afterTestRun" finished-at="2019-12-23T08:10:49Z" duration-ms="40" status="PASS">
          <reporter-output>
          </reporter-output>
        </test-method> <!-- afterTestRun -->
        <test-method is-config="true" signature="afterSuiteTearDown()[pri:0, instance:testscripts.Test_Ecom@6e005dc9]" started-at="2019-12-23T08:10:50Z" name="afterSuiteTearDown" finished-at="2019-12-23T08:10:50Z" duration-ms="386" status="PASS">
          <reporter-output>
          </reporter-output>
        </test-method> <!-- afterSuiteTearDown -->
      </class> <!-- testscripts.Test_Ecom -->
    </test> <!-- Ecomm Tests on Chrome -->
  </suite> <!-- Ecomm Tests -->
</testng-results>
