<?xml version="1.0" encoding="UTF-8"?>
<!-- Generated by org.testng.reporters.JUnitXMLReporter -->
<testsuite hostname="DESKTOP-6OLMMHR" failures="0" tests="7" name="Ecomm Tests on Chrome" time="31.708" errors="0" timestamp="23 Dec 2019 02:40:49 GMT">
  <testcase classname="testscripts.Test_Ecom" name="verifyLaunchEcomApp" time="3.556"/>
  <testcase classname="testscripts.Test_Ecom" name="verifyNavigationToACategoryUsingMenu" time="1.416"/>
  <testcase classname="testscripts.Test_Ecom" name="verifyMouseOverParticularDressShowsQuickView" time="0.267"/>
  <testcase classname="testscripts.Test_Ecom" name="verifyProductConfigurationAndAddingToCart" time="3.794"/>
  <testcase classname="testscripts.Test_Ecom" name="verifyNavigationToCheckoutPage" time="1.9"/>
  <testcase classname="testscripts.Test_Ecom" name="verifyAccountCreation" time="5.581"/>
  <testcase classname="testscripts.Test_Ecom" name="verifyOrder" time="1.609"/>
</testsuite> <!-- Ecomm Tests on Chrome -->
